<?xml version="1.0" encoding="UTF-8"?>
<!-- Generated by org.testng.reporters.JUnitReportReporter -->
<testsuite hostname="Felix" failures="0" tests="1" name="yopmail.Tugas3.YopmailTest" time="8.728" errors="0" timestamp="10 Aug 2022 14:55:10 GMT" skipped="0">
  <testcase classname="yopmail.Tugas3.YopmailTest" name="testLogin" time="8.728"/>
</testsuite> <!-- yopmail.Tugas3.YopmailTest -->
