<?xml version="1.0" encoding="UTF-8"?>
<!-- Generated by org.testng.reporters.JUnitReportReporter -->
<testsuite hostname="Felix" failures="0" tests="1" name="saucedemo.Tugas4.SaucedemoTest" time="3.152" errors="0" timestamp="10 Aug 2022 15:26:44 GMT" skipped="0">
  <testcase classname="saucedemo.Tugas4.SaucedemoTest" name="testCheckoutAndPay" time="3.152"/>
</testsuite> <!-- saucedemo.Tugas4.SaucedemoTest -->
